# JRE version: OpenJDK Runtime Environment (17.0.6) (build 17.0.6+0-b2043.56-9586694)
# Java VM: OpenJDK 64-Bit Server VM (17.0.6+0-b2043.56-9586694, mixed mode, tiered, compressed oops, compressed class ptrs, g1 gc, windows-amd64)
GC Precious Log:
 CPUs: 4 total, 4 available
 Memory: 12184M
 Large Page Support: Disabled
 NUMA Support: Disabled
 Compressed Oops: Enabled (32-bit)
 Heap Region Size: 1M
 Heap Min Capacity: 8M
 Heap Initial Capacity: 192M
 Heap Max Capacity: 2G
 Pre-touch: Disabled
 Parallel Workers: 4
 Concurrent Workers: 1
 Concurrent Refinement Workers: 4
 Periodic GC: Disabled
Heap:
 garbage-first heap   total 456704K, used 323071K [0x0000000080000000, 0x0000000100000000)
  region size 1024K, 8 young (8192K), 8 survivors (8192K)
 Metaspace       used 111616K, committed 112320K, reserved 1146880K
  class space    used 14850K, committed 15168K, reserved 1048576K
GC Heap History (20 events):
Event: 57.966 GC heap after
{Heap after GC invocations=59 (full 0):
 garbage-first heap   total 270336K, used 135970K [0x0000000080000000, 0x0000000100000000)
  region size 1024K, 8 young (8192K), 8 survivors (8192K)
 Metaspace       used 98423K, committed 99136K, reserved 1138688K
  class space    used 12857K, committed 13184K, reserved 1048576K
}
Event: 60.805 GC heap before
{Heap before GC invocations=59 (full 0):
 garbage-first heap   total 270336K, used 206626K [0x0000000080000000, 0x0000000100000000)
  region size 1024K, 77 young (78848K), 8 survivors (8192K)
 Metaspace       used 103370K, committed 104000K, reserved 1146880K
  class space    used 13504K, committed 13824K, reserved 1048576K
}
Event: 60.825 GC heap after
{Heap after GC invocations=60 (full 0):
 garbage-first heap   total 270336K, used 139451K [0x0000000080000000, 0x0000000100000000)
  region size 1024K, 4 young (4096K), 4 survivors (4096K)
 Metaspace       used 103370K, committed 104000K, reserved 1146880K
  class space    used 13504K, committed 13824K, reserved 1048576K
}
Event: 62.829 GC heap before
{Heap before GC invocations=60 (full 0):
 garbage-first heap   total 270336K, used 215227K [0x0000000080000000, 0x0000000100000000)
  region size 1024K, 79 young (80896K), 4 survivors (4096K)
 Metaspace       used 103516K, committed 104128K, reserved 1146880K
  class space    used 13519K, committed 13824K, reserved 1048576K
}
Event: 62.850 GC heap after
{Heap after GC invocations=61 (full 0):
 garbage-first heap   total 270336K, used 144683K [0x0000000080000000, 0x0000000100000000)
  region size 1024K, 9 young (9216K), 9 survivors (9216K)
 Metaspace       used 103516K, committed 104128K, reserved 1146880K
  class space    used 13519K, committed 13824K, reserved 1048576K
}
Event: 65.026 GC heap before
{Heap before GC invocations=61 (full 0):
 garbage-first heap   total 270336K, used 223531K [0x0000000080000000, 0x0000000100000000)
  region size 1024K, 80 young (81920K), 9 survivors (9216K)
 Metaspace       used 103880K, committed 104576K, reserved 1146880K
  class space    used 13560K, committed 13888K, reserved 1048576K
}
Event: 65.050 GC heap after
{Heap after GC invocations=62 (full 0):
 garbage-first heap   total 270336K, used 162594K [0x0000000080000000, 0x0000000100000000)
  region size 1024K, 10 young (10240K), 10 survivors (10240K)
 Metaspace       used 103880K, committed 104576K, reserved 1146880K
  class space    used 13560K, committed 13888K, reserved 1048576K
}
Event: 66.589 GC heap before
{Heap before GC invocations=62 (full 0):
 garbage-first heap   total 270336K, used 237346K [0x0000000080000000, 0x0000000100000000)
  region size 1024K, 64 young (65536K), 10 survivors (10240K)
 Metaspace       used 106604K, committed 107200K, reserved 1146880K
  class space    used 13978K, committed 14272K, reserved 1048576K
}
Event: 66.607 GC heap after
{Heap after GC invocations=63 (full 0):
 garbage-first heap   total 270336K, used 190187K [0x0000000080000000, 0x0000000100000000)
  region size 1024K, 8 young (8192K), 8 survivors (8192K)
 Metaspace       used 106604K, committed 107200K, reserved 1146880K
  class space    used 13978K, committed 14272K, reserved 1048576K
}
Event: 67.131 GC heap before
{Heap before GC invocations=63 (full 0):
 garbage-first heap   total 270336K, used 226027K [0x0000000080000000, 0x0000000100000000)
  region size 1024K, 38 young (38912K), 8 survivors (8192K)
 Metaspace       used 106849K, committed 107520K, reserved 1146880K
  class space    used 14006K, committed 14336K, reserved 1048576K
}
Event: 67.164 GC heap after
{Heap after GC invocations=64 (full 0):
 garbage-first heap   total 270336K, used 203775K [0x0000000080000000, 0x0000000100000000)
  region size 1024K, 5 young (5120K), 5 survivors (5120K)
 Metaspace       used 106849K, committed 107520K, reserved 1146880K
  class space    used 14006K, committed 14336K, reserved 1048576K
}
Event: 67.367 GC heap before
{Heap before GC invocations=64 (full 0):
 garbage-first heap   total 270336K, used 223231K [0x0000000080000000, 0x0000000100000000)
  region size 1024K, 25 young (25600K), 5 survivors (5120K)
 Metaspace       used 106849K, committed 107520K, reserved 1146880K
  class space    used 14006K, committed 14336K, reserved 1048576K
}
Event: 67.392 GC heap after
{Heap after GC invocations=65 (full 0):
 garbage-first heap   total 456704K, used 209576K [0x0000000080000000, 0x0000000100000000)
  region size 1024K, 4 young (4096K), 4 survivors (4096K)
 Metaspace       used 106849K, committed 107520K, reserved 1146880K
  class space    used 14006K, committed 14336K, reserved 1048576K
}
Event: 69.680 GC heap before
{Heap before GC invocations=65 (full 0):
 garbage-first heap   total 456704K, used 321192K [0x0000000080000000, 0x0000000100000000)
  region size 1024K, 110 young (112640K), 4 survivors (4096K)
 Metaspace       used 109705K, committed 110336K, reserved 1146880K
  class space    used 14571K, committed 14848K, reserved 1048576K
}
Event: 69.791 GC heap after
{Heap after GC invocations=66 (full 0):
 garbage-first heap   total 456704K, used 242472K [0x0000000080000000, 0x0000000100000000)
  region size 1024K, 14 young (14336K), 14 survivors (14336K)
 Metaspace       used 109705K, committed 110336K, reserved 1146880K
  class space    used 14571K, committed 14848K, reserved 1048576K
}
Event: 70.651 GC heap before
{Heap before GC invocations=66 (full 0):
 garbage-first heap   total 456704K, used 298792K [0x0000000080000000, 0x0000000100000000)
  region size 1024K, 70 young (71680K), 14 survivors (14336K)
 Metaspace       used 109763K, committed 110400K, reserved 1146880K
  class space    used 14571K, committed 14848K, reserved 1048576K
}
Event: 70.767 GC heap after
{Heap after GC invocations=67 (full 0):
 garbage-first heap   total 456704K, used 270847K [0x0000000080000000, 0x0000000100000000)
  region size 1024K, 9 young (9216K), 9 survivors (9216K)
 Metaspace       used 109763K, committed 110400K, reserved 1146880K
  class space    used 14571K, committed 14848K, reserved 1048576K
}
Event: 71.695 GC heap before
{Heap before GC invocations=67 (full 0):
 garbage-first heap   total 456704K, used 341503K [0x0000000080000000, 0x0000000100000000)
  region size 1024K, 78 young (79872K), 9 survivors (9216K)
 Metaspace       used 109831K, committed 110528K, reserved 1146880K
  class space    used 14581K, committed 14912K, reserved 1048576K
}
Event: 71.855 GC heap after
{Heap after GC invocations=68 (full 0):
 garbage-first heap   total 456704K, used 306175K [0x0000000080000000, 0x0000000100000000)
  region size 1024K, 10 young (10240K), 10 survivors (10240K)
 Metaspace       used 109831K, committed 110528K, reserved 1146880K
  class space    used 14581K, committed 14912K, reserved 1048576K
}
Event: 73.079 GC heap before
{Heap before GC invocations=68 (full 0):
 garbage-first heap   total 456704K, used 355327K [0x0000000080000000, 0x0000000100000000)
  region size 1024K, 59 young (60416K), 10 survivors (10240K)
 Metaspace       used 111616K, committed 112320K, reserved 1146880K
  class space    used 14850K, committed 15168K, reserved 1048576K
}

