# JRE version: OpenJDK Runtime Environment (17.0.6) (build 17.0.6+0-b2043.56-9586694)
# Java VM: OpenJDK 64-Bit Server VM (17.0.6+0-b2043.56-9586694, mixed mode, tiered, compressed oops, compressed class ptrs, g1 gc, windows-amd64)
GC Precious Log:
 CPUs: 4 total, 4 available
 Memory: 12184M
 Large Page Support: Disabled
 NUMA Support: Disabled
 Compressed Oops: Enabled (32-bit)
 Heap Region Size: 1M
 Heap Min Capacity: 8M
 Heap Initial Capacity: 192M
 Heap Max Capacity: 2G
 Pre-touch: Disabled
 Parallel Workers: 4
 Concurrent Workers: 1
 Concurrent Refinement Workers: 4
 Periodic GC: Disabled
Heap:
 garbage-first heap   total 409600K, used 283136K [0x0000000080000000, 0x0000000100000000)
  region size 1024K, 7 young (7168K), 7 survivors (7168K)
 Metaspace       used 102037K, committed 102656K, reserved 1138688K
  class space    used 13863K, committed 14144K, reserved 1048576K
GC Heap History (20 events):
Event: 41.770 GC heap after
{Heap after GC invocations=39 (full 0):
 garbage-first heap   total 296960K, used 87575K [0x0000000080000000, 0x0000000100000000)
  region size 1024K, 4 young (4096K), 4 survivors (4096K)
 Metaspace       used 82016K, committed 82624K, reserved 1122304K
  class space    used 11061K, committed 11328K, reserved 1048576K
}
Event: 44.318 GC heap before
{Heap before GC invocations=39 (full 0):
 garbage-first heap   total 296960K, used 240151K [0x0000000080000000, 0x0000000100000000)
  region size 1024K, 151 young (154624K), 4 survivors (4096K)
 Metaspace       used 85615K, committed 86144K, reserved 1130496K
  class space    used 11463K, committed 11712K, reserved 1048576K
}
Event: 44.382 GC heap after
{Heap after GC invocations=40 (full 0):
 garbage-first heap   total 296960K, used 115233K [0x0000000080000000, 0x0000000100000000)
  region size 1024K, 19 young (19456K), 19 survivors (19456K)
 Metaspace       used 85615K, committed 86144K, reserved 1130496K
  class space    used 11463K, committed 11712K, reserved 1048576K
}
Event: 46.506 GC heap before
{Heap before GC invocations=40 (full 0):
 garbage-first heap   total 296960K, used 225825K [0x0000000080000000, 0x0000000100000000)
  region size 1024K, 108 young (110592K), 19 survivors (19456K)
 Metaspace       used 89969K, committed 90560K, reserved 1130496K
  class space    used 11953K, committed 12224K, reserved 1048576K
}
Event: 46.558 GC heap after
{Heap after GC invocations=41 (full 0):
 garbage-first heap   total 296960K, used 122880K [0x0000000080000000, 0x0000000100000000)
  region size 1024K, 10 young (10240K), 10 survivors (10240K)
 Metaspace       used 89969K, committed 90560K, reserved 1130496K
  class space    used 11953K, committed 12224K, reserved 1048576K
}
Event: 47.519 GC heap before
{Heap before GC invocations=41 (full 0):
 garbage-first heap   total 296960K, used 211968K [0x0000000080000000, 0x0000000100000000)
  region size 1024K, 98 young (100352K), 10 survivors (10240K)
 Metaspace       used 91221K, committed 91840K, reserved 1130496K
  class space    used 12134K, committed 12416K, reserved 1048576K
}
Event: 47.561 GC heap after
{Heap after GC invocations=42 (full 0):
 garbage-first heap   total 296960K, used 128512K [0x0000000080000000, 0x0000000100000000)
  region size 1024K, 8 young (8192K), 8 survivors (8192K)
 Metaspace       used 91221K, committed 91840K, reserved 1130496K
  class space    used 12134K, committed 12416K, reserved 1048576K
}
Event: 48.782 GC heap before
{Heap before GC invocations=42 (full 0):
 garbage-first heap   total 296960K, used 220672K [0x0000000080000000, 0x0000000100000000)
  region size 1024K, 99 young (101376K), 8 survivors (8192K)
 Metaspace       used 93676K, committed 94272K, reserved 1130496K
  class space    used 12459K, committed 12736K, reserved 1048576K
}
Event: 48.813 GC heap after
{Heap after GC invocations=43 (full 0):
 garbage-first heap   total 356352K, used 133888K [0x0000000080000000, 0x0000000100000000)
  region size 1024K, 13 young (13312K), 13 survivors (13312K)
 Metaspace       used 93676K, committed 94272K, reserved 1130496K
  class space    used 12459K, committed 12736K, reserved 1048576K
}
Event: 51.037 GC heap before
{Heap before GC invocations=43 (full 0):
 garbage-first heap   total 356352K, used 307968K [0x0000000080000000, 0x0000000100000000)
  region size 1024K, 149 young (152576K), 13 survivors (13312K)
 Metaspace       used 97362K, committed 97984K, reserved 1138688K
  class space    used 12986K, committed 13248K, reserved 1048576K
}
Event: 51.118 GC heap after
{Heap after GC invocations=44 (full 0):
 garbage-first heap   total 361472K, used 197585K [0x0000000080000000, 0x0000000100000000)
  region size 1024K, 19 young (19456K), 19 survivors (19456K)
 Metaspace       used 97362K, committed 97984K, reserved 1138688K
  class space    used 12986K, committed 13248K, reserved 1048576K
}
Event: 52.341 GC heap before
{Heap before GC invocations=44 (full 0):
 garbage-first heap   total 361472K, used 276433K [0x0000000080000000, 0x0000000100000000)
  region size 1024K, 94 young (96256K), 19 survivors (19456K)
 Metaspace       used 99661K, committed 100288K, reserved 1138688K
  class space    used 13485K, committed 13760K, reserved 1048576K
}
Event: 52.470 GC heap after
{Heap after GC invocations=45 (full 0):
 garbage-first heap   total 361472K, used 231936K [0x0000000080000000, 0x0000000100000000)
  region size 1024K, 12 young (12288K), 12 survivors (12288K)
 Metaspace       used 99661K, committed 100288K, reserved 1138688K
  class space    used 13485K, committed 13760K, reserved 1048576K
}
Event: 53.550 GC heap before
{Heap before GC invocations=46 (full 0):
 garbage-first heap   total 409600K, used 268800K [0x0000000080000000, 0x0000000100000000)
  region size 1024K, 61 young (62464K), 12 survivors (12288K)
 Metaspace       used 99704K, committed 100288K, reserved 1138688K
  class space    used 13484K, committed 13760K, reserved 1048576K
}
Event: 53.646 GC heap after
{Heap after GC invocations=47 (full 0):
 garbage-first heap   total 409600K, used 243712K [0x0000000080000000, 0x0000000100000000)
  region size 1024K, 8 young (8192K), 8 survivors (8192K)
 Metaspace       used 99704K, committed 100288K, reserved 1138688K
  class space    used 13484K, committed 13760K, reserved 1048576K
}
Event: 53.743 GC heap before
{Heap before GC invocations=47 (full 0):
 garbage-first heap   total 409600K, used 256000K [0x0000000080000000, 0x0000000100000000)
  region size 1024K, 20 young (20480K), 8 survivors (8192K)
 Metaspace       used 99704K, committed 100288K, reserved 1138688K
  class space    used 13484K, committed 13760K, reserved 1048576K
}
Event: 53.800 GC heap after
{Heap after GC invocations=48 (full 0):
 garbage-first heap   total 409600K, used 246272K [0x0000000080000000, 0x0000000100000000)
  region size 1024K, 3 young (3072K), 3 survivors (3072K)
 Metaspace       used 99704K, committed 100288K, reserved 1138688K
  class space    used 13484K, committed 13760K, reserved 1048576K
}
Event: 54.634 GC heap before
{Heap before GC invocations=48 (full 0):
 garbage-first heap   total 409600K, used 305664K [0x0000000080000000, 0x0000000100000000)
  region size 1024K, 62 young (63488K), 3 survivors (3072K)
 Metaspace       used 100455K, committed 101056K, reserved 1138688K
  class space    used 13612K, committed 13888K, reserved 1048576K
}
Event: 54.716 GC heap after
{Heap after GC invocations=49 (full 0):
 garbage-first heap   total 409600K, used 274944K [0x0000000080000000, 0x0000000100000000)
  region size 1024K, 8 young (8192K), 8 survivors (8192K)
 Metaspace       used 100455K, committed 101056K, reserved 1138688K
  class space    used 13612K, committed 13888K, reserved 1048576K
}
Event: 55.577 GC heap before
{Heap before GC invocations=49 (full 0):
 garbage-first heap   total 409600K, used 318976K [0x0000000080000000, 0x0000000100000000)
  region size 1024K, 52 young (53248K), 8 survivors (8192K)
 Metaspace       used 102037K, committed 102656K, reserved 1138688K
  class space    used 13863K, committed 14144K, reserved 1048576K
}

