# JRE version: OpenJDK Runtime Environment (17.0.6) (build 17.0.6+0-b2043.56-9586694)
# Java VM: OpenJDK 64-Bit Server VM (17.0.6+0-b2043.56-9586694, mixed mode, tiered, compressed oops, compressed class ptrs, g1 gc, windows-amd64)
GC Precious Log:
 CPUs: 4 total, 4 available
 Memory: 12184M
 Large Page Support: Disabled
 NUMA Support: Disabled
 Compressed Oops: Enabled (32-bit)
 Heap Region Size: 1M
 Heap Min Capacity: 8M
 Heap Initial Capacity: 192M
 Heap Max Capacity: 2G
 Pre-touch: Disabled
 Parallel Workers: 4
 Concurrent Workers: 1
 Concurrent Refinement Workers: 4
 Periodic GC: Disabled
Heap:
 garbage-first heap   total 531456K, used 390656K [0x0000000080000000, 0x0000000100000000)
  region size 1024K, 8 young (8192K), 8 survivors (8192K)
 Metaspace       used 114739K, committed 115648K, reserved 1155072K
  class space    used 15535K, committed 16000K, reserved 1048576K
GC Heap History (20 events):
Event: 77.057 GC heap after
{Heap after GC invocations=58 (full 0):
 garbage-first heap   total 403456K, used 219476K [0x0000000080000000, 0x0000000100000000)
  region size 1024K, 1 young (1024K), 1 survivors (1024K)
 Metaspace       used 104711K, committed 105664K, reserved 1146880K
  class space    used 13971K, committed 14400K, reserved 1048576K
}
Event: 83.927 GC heap before
{Heap before GC invocations=58 (full 0):
 garbage-first heap   total 403456K, used 323924K [0x0000000080000000, 0x0000000100000000)
  region size 1024K, 104 young (106496K), 1 survivors (1024K)
 Metaspace       used 108738K, committed 109632K, reserved 1146880K
  class space    used 14541K, committed 14976K, reserved 1048576K
}
Event: 83.953 GC heap after
{Heap after GC invocations=59 (full 0):
 garbage-first heap   total 403456K, used 226644K [0x0000000080000000, 0x0000000100000000)
  region size 1024K, 8 young (8192K), 8 survivors (8192K)
 Metaspace       used 108738K, committed 109632K, reserved 1146880K
  class space    used 14541K, committed 14976K, reserved 1048576K
}
Event: 90.435 GC heap before
{Heap before GC invocations=59 (full 0):
 garbage-first heap   total 403456K, used 329044K [0x0000000080000000, 0x0000000100000000)
  region size 1024K, 109 young (111616K), 8 survivors (8192K)
 Metaspace       used 109132K, committed 110080K, reserved 1146880K
  class space    used 14583K, committed 15040K, reserved 1048576K
}
Event: 90.462 GC heap after
{Heap after GC invocations=60 (full 0):
 garbage-first heap   total 403456K, used 231834K [0x0000000080000000, 0x0000000100000000)
  region size 1024K, 7 young (7168K), 7 survivors (7168K)
 Metaspace       used 109132K, committed 110080K, reserved 1146880K
  class space    used 14583K, committed 15040K, reserved 1048576K
}
Event: 90.581 GC heap before
{Heap before GC invocations=60 (full 0):
 garbage-first heap   total 403456K, used 237978K [0x0000000080000000, 0x0000000100000000)
  region size 1024K, 15 young (15360K), 7 survivors (7168K)
 Metaspace       used 109222K, committed 110144K, reserved 1146880K
  class space    used 14592K, committed 15040K, reserved 1048576K
}
Event: 90.597 GC heap after
{Heap after GC invocations=61 (full 0):
 garbage-first heap   total 403456K, used 232834K [0x0000000080000000, 0x0000000100000000)
  region size 1024K, 8 young (8192K), 8 survivors (8192K)
 Metaspace       used 109222K, committed 110144K, reserved 1146880K
  class space    used 14592K, committed 15040K, reserved 1048576K
}
Event: 92.926 GC heap before
{Heap before GC invocations=62 (full 0):
 garbage-first heap   total 404480K, used 369026K [0x0000000080000000, 0x0000000100000000)
  region size 1024K, 109 young (111616K), 8 survivors (8192K)
 Metaspace       used 110245K, committed 111232K, reserved 1146880K
  class space    used 14759K, committed 15232K, reserved 1048576K
}
Event: 92.958 GC heap after
{Heap after GC invocations=63 (full 0):
 garbage-first heap   total 404480K, used 277819K [0x0000000080000000, 0x0000000100000000)
  region size 1024K, 14 young (14336K), 14 survivors (14336K)
 Metaspace       used 110245K, committed 111232K, reserved 1146880K
  class space    used 14759K, committed 15232K, reserved 1048576K
}
Event: 93.058 GC heap before
{Heap before GC invocations=63 (full 0):
 garbage-first heap   total 404480K, used 281915K [0x0000000080000000, 0x0000000100000000)
  region size 1024K, 19 young (19456K), 14 survivors (14336K)
 Metaspace       used 110383K, committed 111360K, reserved 1146880K
  class space    used 14779K, committed 15232K, reserved 1048576K
}
Event: 93.078 GC heap after
{Heap after GC invocations=64 (full 0):
 garbage-first heap   total 404480K, used 275689K [0x0000000080000000, 0x0000000100000000)
  region size 1024K, 3 young (3072K), 3 survivors (3072K)
 Metaspace       used 110383K, committed 111360K, reserved 1146880K
  class space    used 14779K, committed 15232K, reserved 1048576K
}
Event: 94.075 GC heap before
{Heap before GC invocations=64 (full 0):
 garbage-first heap   total 404480K, used 326889K [0x0000000080000000, 0x0000000100000000)
  region size 1024K, 55 young (56320K), 3 survivors (3072K)
 Metaspace       used 111165K, committed 112064K, reserved 1146880K
  class space    used 14859K, committed 15296K, reserved 1048576K
}
Event: 94.118 GC heap after
{Heap after GC invocations=65 (full 0):
 garbage-first heap   total 404480K, used 291555K [0x0000000080000000, 0x0000000100000000)
  region size 1024K, 8 young (8192K), 8 survivors (8192K)
 Metaspace       used 111165K, committed 112064K, reserved 1146880K
  class space    used 14859K, committed 15296K, reserved 1048576K
}
Event: 94.948 GC heap before
{Heap before GC invocations=65 (full 0):
 garbage-first heap   total 531456K, used 328419K [0x0000000080000000, 0x0000000100000000)
  region size 1024K, 42 young (43008K), 8 survivors (8192K)
 Metaspace       used 111233K, committed 112192K, reserved 1146880K
  class space    used 14868K, committed 15360K, reserved 1048576K
}
Event: 95.006 GC heap after
{Heap after GC invocations=66 (full 0):
 garbage-first heap   total 531456K, used 306568K [0x0000000080000000, 0x0000000100000000)
  region size 1024K, 6 young (6144K), 6 survivors (6144K)
 Metaspace       used 111233K, committed 112192K, reserved 1146880K
  class space    used 14868K, committed 15360K, reserved 1048576K
}
Event: 96.629 GC heap before
{Heap before GC invocations=67 (full 0):
 garbage-first heap   total 531456K, used 420232K [0x0000000080000000, 0x0000000100000000)
  region size 1024K, 115 young (117760K), 6 survivors (6144K)
 Metaspace       used 113440K, committed 114368K, reserved 1155072K
  class space    used 15357K, committed 15808K, reserved 1048576K
}
Event: 96.835 GC heap after
{Heap after GC invocations=68 (full 0):
 garbage-first heap   total 531456K, used 361472K [0x0000000080000000, 0x0000000100000000)
  region size 1024K, 15 young (15360K), 15 survivors (15360K)
 Metaspace       used 113440K, committed 114368K, reserved 1155072K
  class space    used 15357K, committed 15808K, reserved 1048576K
}
Event: 96.975 GC heap before
{Heap before GC invocations=68 (full 0):
 garbage-first heap   total 531456K, used 371712K [0x0000000080000000, 0x0000000100000000)
  region size 1024K, 25 young (25600K), 15 survivors (15360K)
 Metaspace       used 113447K, committed 114368K, reserved 1155072K
  class space    used 15357K, committed 15808K, reserved 1048576K
}
Event: 97.110 GC heap after
{Heap after GC invocations=69 (full 0):
 garbage-first heap   total 531456K, used 363520K [0x0000000080000000, 0x0000000100000000)
  region size 1024K, 4 young (4096K), 4 survivors (4096K)
 Metaspace       used 113447K, committed 114368K, reserved 1155072K
  class space    used 15357K, committed 15808K, reserved 1048576K
}
Event: 97.991 GC heap before
{Heap before GC invocations=69 (full 0):
 garbage-first heap   total 531456K, used 423936K [0x0000000080000000, 0x0000000100000000)
  region size 1024K, 64 young (65536K), 4 survivors (4096K)
 Metaspace       used 114739K, committed 115648K, reserved 1155072K
  class space    used 15535K, committed 16000K, reserved 1048576K
}

